[11-Apr-2023 08:08:26 UTC] PHP Warning:  Undefined variable $idnummer in C:\Users\kakra038\Documents\webhost\web_beta\index_files\pages\oppgaver\kjøretøyregister\eks_30_06_personer_vis_alle.php on line 36
[11-Apr-2023 08:08:26 UTC] PHP Warning:  Trying to access array offset on value of type null in C:\Users\kakra038\Documents\webhost\web_beta\index_files\pages\oppgaver\kjøretøyregister\eks_30_06_personer_vis_alle.php on line 36
[11-Apr-2023 08:08:26 UTC] PHP Warning:  Undefined variable $personnr in C:\Users\kakra038\Documents\webhost\web_beta\index_files\pages\oppgaver\kjøretøyregister\eks_30_06_personer_vis_alle.php on line 36
[11-Apr-2023 08:08:26 UTC] PHP Warning:  Trying to access array offset on value of type null in C:\Users\kakra038\Documents\webhost\web_beta\index_files\pages\oppgaver\kjøretøyregister\eks_30_06_personer_vis_alle.php on line 36
[11-Apr-2023 08:08:26 UTC] PHP Warning:  Undefined variable $fornavn in C:\Users\kakra038\Documents\webhost\web_beta\index_files\pages\oppgaver\kjøretøyregister\eks_30_06_personer_vis_alle.php on line 36
[11-Apr-2023 08:08:26 UTC] PHP Warning:  Trying to access array offset on value of type null in C:\Users\kakra038\Documents\webhost\web_beta\index_files\pages\oppgaver\kjøretøyregister\eks_30_06_personer_vis_alle.php on line 36
[11-Apr-2023 08:08:26 UTC] PHP Warning:  Undefined variable $etternavn in C:\Users\kakra038\Documents\webhost\web_beta\index_files\pages\oppgaver\kjøretøyregister\eks_30_06_personer_vis_alle.php on line 37
[11-Apr-2023 08:08:26 UTC] PHP Warning:  Trying to access array offset on value of type null in C:\Users\kakra038\Documents\webhost\web_beta\index_files\pages\oppgaver\kjøretøyregister\eks_30_06_personer_vis_alle.php on line 37
[11-Apr-2023 08:08:26 UTC] PHP Warning:  Undefined variable $adresse in C:\Users\kakra038\Documents\webhost\web_beta\index_files\pages\oppgaver\kjøretøyregister\eks_30_06_personer_vis_alle.php on line 37
[11-Apr-2023 08:08:26 UTC] PHP Warning:  Trying to access array offset on value of type null in C:\Users\kakra038\Documents\webhost\web_beta\index_files\pages\oppgaver\kjøretøyregister\eks_30_06_personer_vis_alle.php on line 37
[11-Apr-2023 08:08:26 UTC] PHP Warning:  Undefined variable $postnr in C:\Users\kakra038\Documents\webhost\web_beta\index_files\pages\oppgaver\kjøretøyregister\eks_30_06_personer_vis_alle.php on line 38
[11-Apr-2023 08:08:26 UTC] PHP Warning:  Trying to access array offset on value of type null in C:\Users\kakra038\Documents\webhost\web_beta\index_files\pages\oppgaver\kjøretøyregister\eks_30_06_personer_vis_alle.php on line 38
[11-Apr-2023 08:08:26 UTC] PHP Warning:  Undefined variable $telefonnr in C:\Users\kakra038\Documents\webhost\web_beta\index_files\pages\oppgaver\kjøretøyregister\eks_30_06_personer_vis_alle.php on line 39
[11-Apr-2023 08:08:26 UTC] PHP Warning:  Trying to access array offset on value of type null in C:\Users\kakra038\Documents\webhost\web_beta\index_files\pages\oppgaver\kjøretøyregister\eks_30_06_personer_vis_alle.php on line 39
[11-Apr-2023 08:08:26 UTC] PHP Warning:  Undefined variable $epost in C:\Users\kakra038\Documents\webhost\web_beta\index_files\pages\oppgaver\kjøretøyregister\eks_30_06_personer_vis_alle.php on line 40
[11-Apr-2023 08:08:26 UTC] PHP Warning:  Trying to access array offset on value of type null in C:\Users\kakra038\Documents\webhost\web_beta\index_files\pages\oppgaver\kjøretøyregister\eks_30_06_personer_vis_alle.php on line 40
[11-Apr-2023 08:08:28 UTC] PHP Warning:  Undefined array key 5 in C:\Users\kakra038\Documents\webhost\web_beta\index_files\pages\oppgaver\kjøretøyregister\eks_30_08_kjoretoy_uten_eier.php on line 36
[11-Apr-2023 08:08:28 UTC] PHP Warning:  Undefined array key 5 in C:\Users\kakra038\Documents\webhost\web_beta\index_files\pages\oppgaver\kjøretøyregister\eks_30_08_kjoretoy_uten_eier.php on line 37
[11-Apr-2023 08:08:28 UTC] PHP Warning:  Undefined array key 5 in C:\Users\kakra038\Documents\webhost\web_beta\index_files\pages\oppgaver\kjøretøyregister\eks_30_08_kjoretoy_uten_eier.php on line 38
[11-Apr-2023 08:08:28 UTC] PHP Warning:  Undefined array key 5 in C:\Users\kakra038\Documents\webhost\web_beta\index_files\pages\oppgaver\kjøretøyregister\eks_30_08_kjoretoy_uten_eier.php on line 39
[11-Apr-2023 08:08:28 UTC] PHP Warning:  Undefined array key 5 in C:\Users\kakra038\Documents\webhost\web_beta\index_files\pages\oppgaver\kjøretøyregister\eks_30_08_kjoretoy_uten_eier.php on line 40
[11-Apr-2023 08:08:28 UTC] PHP Warning:  Undefined array key 5 in C:\Users\kakra038\Documents\webhost\web_beta\index_files\pages\oppgaver\kjøretøyregister\eks_30_08_kjoretoy_uten_eier.php on line 41
[11-Apr-2023 08:08:40 UTC] PHP Warning:  Undefined array key "postnr" in C:\Users\kakra038\Documents\webhost\web_beta\index_files\pages\oppgaver\kjøretøyregister\eks_30_04_person_opprette.php on line 28
[11-Apr-2023 08:08:40 UTC] PHP Fatal error:  Uncaught mysqli_sql_exception: Unknown column 'telefonnr' in 'field list' in C:\Users\kakra038\Documents\webhost\web_beta\index_files\pages\oppgaver\kjøretøyregister\eks_30_04_person_opprette.php:35
Stack trace:
#0 C:\Users\kakra038\Documents\webhost\web_beta\index_files\pages\oppgaver\kjøretøyregister\eks_30_04_person_opprette.php(35): mysqli_query(Object(mysqli), 'INSERT INTO tbl...')
#1 {main}
  thrown in C:\Users\kakra038\Documents\webhost\web_beta\index_files\pages\oppgaver\kjøretøyregister\eks_30_04_person_opprette.php on line 35
[11-Apr-2023 08:08:45 UTC] PHP Warning:  Undefined array key "postnr" in C:\Users\kakra038\Documents\webhost\web_beta\index_files\pages\oppgaver\kjøretøyregister\eks_30_04_person_opprette.php on line 28
[11-Apr-2023 08:08:45 UTC] PHP Fatal error:  Uncaught mysqli_sql_exception: Unknown column 'telefonnr' in 'field list' in C:\Users\kakra038\Documents\webhost\web_beta\index_files\pages\oppgaver\kjøretøyregister\eks_30_04_person_opprette.php:35
Stack trace:
#0 C:\Users\kakra038\Documents\webhost\web_beta\index_files\pages\oppgaver\kjøretøyregister\eks_30_04_person_opprette.php(35): mysqli_query(Object(mysqli), 'INSERT INTO tbl...')
#1 {main}
  thrown in C:\Users\kakra038\Documents\webhost\web_beta\index_files\pages\oppgaver\kjøretøyregister\eks_30_04_person_opprette.php on line 35
[11-Apr-2023 08:09:52 UTC] PHP Warning:  Undefined array key "registreringsnummer" in C:\Users\kakra038\Documents\webhost\web_beta\index_files\pages\oppgaver\kjøretøyregister\eks_30_09B_kjoretoy_sett_eier.php on line 5
[11-Apr-2023 08:09:52 UTC] PHP Warning:  Undefined array key "personnummer" in C:\Users\kakra038\Documents\webhost\web_beta\index_files\pages\oppgaver\kjøretøyregister\eks_30_09B_kjoretoy_sett_eier.php on line 6
[11-Apr-2023 08:09:54 UTC] PHP Warning:  Undefined array key 4 in C:\Users\kakra038\Documents\webhost\web_beta\index_files\pages\oppgaver\kjøretøyregister\eks_30_09A_kjoretoy_sett_eier.php on line 39
[11-Apr-2023 08:09:54 UTC] PHP Warning:  Undefined array key 4 in C:\Users\kakra038\Documents\webhost\web_beta\index_files\pages\oppgaver\kjøretøyregister\eks_30_09A_kjoretoy_sett_eier.php on line 40
[11-Apr-2023 08:09:54 UTC] PHP Warning:  Undefined array key 4 in C:\Users\kakra038\Documents\webhost\web_beta\index_files\pages\oppgaver\kjøretøyregister\eks_30_09A_kjoretoy_sett_eier.php on line 41
[11-Apr-2023 08:09:54 UTC] PHP Warning:  Undefined array key 4 in C:\Users\kakra038\Documents\webhost\web_beta\index_files\pages\oppgaver\kjøretøyregister\eks_30_09A_kjoretoy_sett_eier.php on line 42
[11-Apr-2023 08:09:54 UTC] PHP Warning:  Undefined array key 4 in C:\Users\kakra038\Documents\webhost\web_beta\index_files\pages\oppgaver\kjøretøyregister\eks_30_09A_kjoretoy_sett_eier.php on line 43
[11-Apr-2023 08:09:54 UTC] PHP Warning:  Undefined array key 4 in C:\Users\kakra038\Documents\webhost\web_beta\index_files\pages\oppgaver\kjøretøyregister\eks_30_09A_kjoretoy_sett_eier.php on line 44
[11-Apr-2023 08:09:54 UTC] PHP Fatal error:  Uncaught Error: mysqli object is already closed in C:\Users\kakra038\Documents\webhost\web_beta\index_files\pages\oppgaver\kjøretøyregister\eks_30_09A_kjoretoy_sett_eier.php:66
Stack trace:
#0 C:\Users\kakra038\Documents\webhost\web_beta\index_files\pages\oppgaver\kjøretøyregister\eks_30_09A_kjoretoy_sett_eier.php(66): mysqli_close(Object(mysqli))
#1 {main}
  thrown in C:\Users\kakra038\Documents\webhost\web_beta\index_files\pages\oppgaver\kjøretøyregister\eks_30_09A_kjoretoy_sett_eier.php on line 66
[11-Apr-2023 08:09:57 UTC] PHP Warning:  Undefined array key 4 in C:\Users\kakra038\Documents\webhost\web_beta\index_files\pages\oppgaver\kjøretøyregister\eks_30_08_kjoretoy_uten_eier.php on line 36
[11-Apr-2023 08:09:57 UTC] PHP Warning:  Undefined array key 4 in C:\Users\kakra038\Documents\webhost\web_beta\index_files\pages\oppgaver\kjøretøyregister\eks_30_08_kjoretoy_uten_eier.php on line 37
[11-Apr-2023 08:09:57 UTC] PHP Warning:  Undefined array key 4 in C:\Users\kakra038\Documents\webhost\web_beta\index_files\pages\oppgaver\kjøretøyregister\eks_30_08_kjoretoy_uten_eier.php on line 38
[11-Apr-2023 08:09:57 UTC] PHP Warning:  Undefined array key 4 in C:\Users\kakra038\Documents\webhost\web_beta\index_files\pages\oppgaver\kjøretøyregister\eks_30_08_kjoretoy_uten_eier.php on line 39
[11-Apr-2023 08:09:57 UTC] PHP Warning:  Undefined array key 4 in C:\Users\kakra038\Documents\webhost\web_beta\index_files\pages\oppgaver\kjøretøyregister\eks_30_08_kjoretoy_uten_eier.php on line 40
[11-Apr-2023 08:09:57 UTC] PHP Warning:  Undefined array key 4 in C:\Users\kakra038\Documents\webhost\web_beta\index_files\pages\oppgaver\kjøretøyregister\eks_30_08_kjoretoy_uten_eier.php on line 41
[11-Apr-2023 08:09:59 UTC] PHP Warning:  Undefined variable $idnummer in C:\Users\kakra038\Documents\webhost\web_beta\index_files\pages\oppgaver\kjøretøyregister\eks_30_06_personer_vis_alle.php on line 36
[11-Apr-2023 08:09:59 UTC] PHP Warning:  Trying to access array offset on value of type null in C:\Users\kakra038\Documents\webhost\web_beta\index_files\pages\oppgaver\kjøretøyregister\eks_30_06_personer_vis_alle.php on line 36
[11-Apr-2023 08:09:59 UTC] PHP Warning:  Undefined variable $personnr in C:\Users\kakra038\Documents\webhost\web_beta\index_files\pages\oppgaver\kjøretøyregister\eks_30_06_personer_vis_alle.php on line 36
[11-Apr-2023 08:09:59 UTC] PHP Warning:  Trying to access array offset on value of type null in C:\Users\kakra038\Documents\webhost\web_beta\index_files\pages\oppgaver\kjøretøyregister\eks_30_06_personer_vis_alle.php on line 36
[11-Apr-2023 08:09:59 UTC] PHP Warning:  Undefined variable $fornavn in C:\Users\kakra038\Documents\webhost\web_beta\index_files\pages\oppgaver\kjøretøyregister\eks_30_06_personer_vis_alle.php on line 36
[11-Apr-2023 08:09:59 UTC] PHP Warning:  Trying to access array offset on value of type null in C:\Users\kakra038\Documents\webhost\web_beta\index_files\pages\oppgaver\kjøretøyregister\eks_30_06_personer_vis_alle.php on line 36
[11-Apr-2023 08:09:59 UTC] PHP Warning:  Undefined variable $etternavn in C:\Users\kakra038\Documents\webhost\web_beta\index_files\pages\oppgaver\kjøretøyregister\eks_30_06_personer_vis_alle.php on line 37
[11-Apr-2023 08:09:59 UTC] PHP Warning:  Trying to access array offset on value of type null in C:\Users\kakra038\Documents\webhost\web_beta\index_files\pages\oppgaver\kjøretøyregister\eks_30_06_personer_vis_alle.php on line 37
[11-Apr-2023 08:09:59 UTC] PHP Warning:  Undefined variable $adresse in C:\Users\kakra038\Documents\webhost\web_beta\index_files\pages\oppgaver\kjøretøyregister\eks_30_06_personer_vis_alle.php on line 37
[11-Apr-2023 08:09:59 UTC] PHP Warning:  Trying to access array offset on value of type null in C:\Users\kakra038\Documents\webhost\web_beta\index_files\pages\oppgaver\kjøretøyregister\eks_30_06_personer_vis_alle.php on line 37
[11-Apr-2023 08:09:59 UTC] PHP Warning:  Undefined variable $postnr in C:\Users\kakra038\Documents\webhost\web_beta\index_files\pages\oppgaver\kjøretøyregister\eks_30_06_personer_vis_alle.php on line 38
[11-Apr-2023 08:09:59 UTC] PHP Warning:  Trying to access array offset on value of type null in C:\Users\kakra038\Documents\webhost\web_beta\index_files\pages\oppgaver\kjøretøyregister\eks_30_06_personer_vis_alle.php on line 38
[11-Apr-2023 08:09:59 UTC] PHP Warning:  Undefined variable $telefonnr in C:\Users\kakra038\Documents\webhost\web_beta\index_files\pages\oppgaver\kjøretøyregister\eks_30_06_personer_vis_alle.php on line 39
[11-Apr-2023 08:09:59 UTC] PHP Warning:  Trying to access array offset on value of type null in C:\Users\kakra038\Documents\webhost\web_beta\index_files\pages\oppgaver\kjøretøyregister\eks_30_06_personer_vis_alle.php on line 39
[11-Apr-2023 08:09:59 UTC] PHP Warning:  Undefined variable $epost in C:\Users\kakra038\Documents\webhost\web_beta\index_files\pages\oppgaver\kjøretøyregister\eks_30_06_personer_vis_alle.php on line 40
[11-Apr-2023 08:09:59 UTC] PHP Warning:  Trying to access array offset on value of type null in C:\Users\kakra038\Documents\webhost\web_beta\index_files\pages\oppgaver\kjøretøyregister\eks_30_06_personer_vis_alle.php on line 40
